Log opened session in execute mode: Tue Dec 26 19:30:01 2017
Log files WILL be archived to: /lsf/logarchive/italia
/grid1/sasconf/bs_italia_egp/master/Lev2/WebInfrastructurePlatformDataServer/Logs/webinfdsvrc-2017-12-18_000000.log Mon Dec 18 23:55:56 2017
/grid1/sasconf/bs_italia_egp/master/Lev2/WebInfrastructurePlatformDataServer/Logs/webinfdsvrc-2017-12-19_000000.log Tue Dec 19 02:06:46 2017
/grid1/sasconf/bs_italia_egp/master/Lev2/Web/SASEnvironmentManager/emi-client/Logs/logDiscovery_20171218_200022.log Mon Dec 18 20:00:50 2017
/grid1/sasconf/bs_italia_egp/master/Lev2/Web/SASEnvironmentManager/emi-client/Logs/logDiscovery_20171219_000522.log Tue Dec 19 00:05:48 2017
/grid1/sasconf/bs_italia_egp/master/Lev2/Web/SASEnvironmentManager/emi-client/Logs/logCollect_20171219_003626.log Tue Dec 19 00:36:54 2017
/grid1/sasconf/bs_italia_egp/master/Lev2/Web/SASEnvironmentManager/emi-client/Logs/logCollect_20171219_004828.log Tue Dec 19 00:48:56 2017
/grid1/sasconf/bs_italia_egp/master/Lev2/Web/SASEnvironmentManager/emi-client/Logs/logCollect_20171219_010626.log Tue Dec 19 01:06:54 2017
/grid1/sasconf/bs_italia_egp/master/Lev2/Web/SASEnvironmentManager/emi-client/Logs/logCollect_20171219_013420.log Tue Dec 19 01:34:46 2017
/grid1/sasconf/bs_italia_egp/master/Lev2/Web/SASEnvironmentManager/emi-client/Logs/logCollect_20171219_015825.log Tue Dec 19 01:58:52 2017
/grid1/sasconf/bs_italia_egp/master/Lev2/Web/SASEnvironmentManager/emi-client/Logs/logDiscovery_20171219_101530.log Tue Dec 19 10:16:00 2017
/grid1/sasconf/bs_italia_egp/master/Lev2/Web/SASEnvironmentManager/emi-client/Logs/logDiscovery_20171219_141530.log Tue Dec 19 14:15:58 2017
/grid1/sasconf/bs_italia_egp/master/Lev2/Web/SASEnvironmentManager/emi-client/Logs/logDiscovery_20171219_181523.log Tue Dec 19 18:15:51 2017
/grid1/sasconf/bs_italia_egp/master/Lev2/Web/SASEnvironmentManager/emi-client/Logs/logCollect_20171219_000031.log Tue Dec 19 00:01:01 2017
/grid1/sasconf/bs_italia_egp/master/Lev2/Web/SASEnvironmentManager/emi-client/Logs/logCollect_20171219_000627.log Tue Dec 19 00:06:55 2017
/grid1/sasconf/bs_italia_egp/master/Lev2/Web/SASEnvironmentManager/emi-client/Logs/logCollect_20171219_001227.log Tue Dec 19 00:12:55 2017
/grid1/sasconf/bs_italia_egp/master/Lev2/Web/SASEnvironmentManager/emi-client/Logs/logCollect_20171219_001828.log Tue Dec 19 00:18:56 2017
/grid1/sasconf/bs_italia_egp/master/Lev2/Web/SASEnvironmentManager/emi-client/Logs/logCollect_20171219_002427.log Tue Dec 19 00:24:55 2017
/grid1/sasconf/bs_italia_egp/master/Lev2/Web/SASEnvironmentManager/emi-client/Logs/logCollect_20171219_003028.log Tue Dec 19 00:30:56 2017
/grid1/sasconf/bs_italia_egp/master/Lev2/Web/SASEnvironmentManager/emi-client/Logs/logCollect_20171219_004226.log Tue Dec 19 00:42:54 2017
/grid1/sasconf/bs_italia_egp/master/Lev2/Web/SASEnvironmentManager/emi-client/Logs/logCollect_20171219_005426.log Tue Dec 19 00:54:54 2017
/grid1/sasconf/bs_italia_egp/master/Lev2/Web/SASEnvironmentManager/emi-client/Logs/logCollect_20171219_010027.log Tue Dec 19 01:00:55 2017
/grid1/sasconf/bs_italia_egp/master/Lev2/Web/SASEnvironmentManager/emi-client/Logs/logCollect_20171219_011126.log Tue Dec 19 01:11:53 2017
/grid1/sasconf/bs_italia_egp/master/Lev2/Web/SASEnvironmentManager/emi-client/Logs/logCollect_20171219_011725.log Tue Dec 19 01:17:53 2017
/grid1/sasconf/bs_italia_egp/master/Lev2/Web/SASEnvironmentManager/emi-client/Logs/logCollect_20171219_012325.log Tue Dec 19 01:23:53 2017
/grid1/sasconf/bs_italia_egp/master/Lev2/Web/SASEnvironmentManager/emi-client/Logs/logCollect_20171219_012925.log Tue Dec 19 01:29:53 2017
/grid1/sasconf/bs_italia_egp/master/Lev2/Web/SASEnvironmentManager/emi-client/Logs/logCollect_20171219_014625.log Tue Dec 19 01:46:53 2017
/grid1/sasconf/bs_italia_egp/master/Lev2/Web/SASEnvironmentManager/emi-client/Logs/logDiscovery_20171219_061153.log Tue Dec 19 06:13:16 2017
/grid1/sasconf/bs_italia_egp/master/Lev2/Web/SASEnvironmentManager/emi-client/Logs/logCollect_20171219_014026.log Tue Dec 19 01:40:54 2017
/grid1/sasconf/bs_italia_egp/master/Lev2/Web/SASEnvironmentManager/emi-client/Logs/logCollect_20171219_015225.log Tue Dec 19 01:52:52 2017
/grid1/sasconf/bs_italia_egp/master/Lev2/Web/SASEnvironmentManager/grid/slaawgbida06.risorse.enel/agent-5.8.0-EE/log/agent.log Tue Dec 19 02:05:03 2017
/grid1/sasconf/bs_italia_egp/master/Lev2/SASMeta/MetadataServer/Logs/SASMeta_MetadataServer_2017-12-18_slaawgbida00_5552.log Tue Dec 19 00:00:00 2017
/grid1/sasconf/bs_italia_egp/master/Lev2/SASMeta/MetadataServer/Logs/SASMeta_MetadataServer_2017-12-19_slaawgbida00_5552.log Tue Dec 19 02:13:23 2017
/grid1/sasconf/bs_italia_egp/master/Lev2/SASApp/BatchServer/Logs/BiddingOptimizationRollout_BiddingOptimization-Rollout_2017.12.18_23.00.06.log Mon Dec 18 23:00:06 2017
/grid1/sasconf/bs_italia_egp/master/Lev2/SASApp/GridServer/Logs/SASGrid.sassrv.slaawgbida06.risorse.enel.14883.20171219104047.log Tue Dec 19 10:41:02 2017
/grid1/sasconf/bs_italia_egp/master/Lev2/SASApp/GridServer/Logs/SASGrid.sassrv.slaawgbida06.risorse.enel.15633.20171219104149.log Tue Dec 19 10:42:05 2017
/grid1/sasconf/bs_italia_egp/master/Lev2/SASApp/GridServer/Logs/SASGrid.sassrv.slaawgbida03.risorse.enel.16091.20171219104233.log Tue Dec 19 10:42:48 2017
/grid1/sasconf/bs_italia_egp/master/Lev2/SASApp/GridServer/Logs/SASGrid.sassrv.slaawgbida06.risorse.enel.14214.20171219103952.log Tue Dec 19 10:40:09 2017
/grid1/sasconf/bs_italia_egp/master/Lev2/SASApp/PooledWorkspaceServer/Logs/SASApp_PooledWSServer_2017-12-19_slaawgbida04_7840.log Tue Dec 19 06:48:43 2017
/grid1/sasconf/bs_italia_egp/master/Lev2/SASApp/PooledWorkspaceServer/Logs/SASApp_PooledWSServer_2017-12-19_slaawgbida03_51739.log Tue Dec 19 01:21:54 2017
/grid1/sasconf/bs_italia_egp/master/Lev2/SASApp/PooledWorkspaceServer/Logs/SASApp_PooledWSServer_2017-12-19_slaawgbida04_10023.log Tue Dec 19 07:48:50 2017
/grid1/sasconf/bs_italia_egp/master/Lev2/SASApp/WorkspaceServer/Logs/SASApp_WorkspaceServer_2017-12-19_slaawgbida06_19398.log Tue Dec 19 12:22:32 2017
/grid1/sasconf/bs_italia_egp/master/Lev2/SASApp/WorkspaceServer/Logs/SASApp_WorkspaceServer_2017-12-19_slaawgbida06_19566.log Tue Dec 19 15:11:49 2017
/grid1/sasconf/bs_italia_egp/master/Lev2/SASApp/WorkspaceServer/Logs/SASApp_WorkspaceServer_2017-12-18_slaawgbida05_88499.log Mon Dec 18 20:04:54 2017
/grid1/sasconf/bs_italia_egp/master/Lev2/SASApp/WorkspaceServer/Logs/SASApp_WorkspaceServer_2017-12-19_slaawgbida06_12392.log Tue Dec 19 10:25:12 2017
/grid1/sasconf/bs_italia_egp/master/Lev2/SASApp/WorkspaceServer/Logs/SASApp_WorkspaceServer_2017-12-19_slaawgbida06_12933.log Tue Dec 19 10:47:28 2017
/grid1/sasconf/bs_italia_egp/master/Lev2/SASApp/WorkspaceServer/Logs/SASApp_WorkspaceServer_2017-12-19_slaawgbida06_15216.log Tue Dec 19 10:58:46 2017
/grid1/sasconf/bs_italia_egp/master/Lev2/SASApp/WorkspaceServer/Logs/SASApp_WorkspaceServer_2017-12-19_slaawgbida05_15415.log Tue Dec 19 10:50:44 2017
/grid1/sasconf/bs_italia_egp/master/Lev2/SASApp/WorkspaceServer/Logs/SASApp_WorkspaceServer_2017-12-19_slaawgbida06_17951.log Tue Dec 19 12:22:07 2017
/grid1/sasconf/bs_italia_egp/master/Lev2/SASApp/WorkspaceServer/Logs/SASApp_WorkspaceServer_2017-12-19_slaawgbida05_23818.log Tue Dec 19 14:15:16 2017
/grid1/sasconf/bs_italia_egp/master/Lev2/SASApp/WorkspaceServer/Logs/SASApp_WorkspaceServer_2017-12-19_slaawgbida05_24035.log Tue Dec 19 14:15:16 2017
/grid1/sasconf/bs_italia_egp/master/Lev2/SASApp/WorkspaceServer/Logs/SASApp_WorkspaceServer_2017-12-19_slaawgbida06_23470.log Tue Dec 19 15:22:46 2017
/grid1/sasconf/bs_italia_egp/master/Lev2/SASApp/WorkspaceServer/Logs/SASApp_WorkspaceServer_2017-12-19_slaawgbida06_29547.log Tue Dec 19 18:36:15 2017
/grid1/sasconf/bs_italia_egp/master/Lev2/ObjectSpawner/Logs/ObjectSpawner_2017-12-18_slaawgbida00_4167.log Tue Dec 19 00:00:00 2017
/grid1/sasconf/bs_italia_egp/master/Lev2/ObjectSpawner/Logs/ObjectSpawner_2017-12-18_slaawgbida03_22845.log Tue Dec 19 00:00:00 2017
/grid1/sasconf/bs_italia_egp/master/Lev2/ObjectSpawner/Logs/ObjectSpawner_2017-12-18_slaawgbida06_63887.log Tue Dec 19 00:00:00 2017
/grid1/sasconf/bs_italia_egp/master/Lev2/ObjectSpawner/Logs/ObjectSpawner_2017-12-19_slaawgbida03_22845.log Tue Dec 19 02:11:37 2017
/grid1/sasconf/bs_italia_egp/master/Lev2/ObjectSpawner/Logs/ObjectSpawner_2017-12-19_slaawgbida04_80268.log Tue Dec 19 02:09:31 2017
/grid1/sasconf/bs_italia_egp/master/Lev2/ObjectSpawner/Logs/ObjectSpawner_console_slaawgbida00.risorse.enel.log Tue Dec 19 02:14:08 2017
/grid1/sasconf/bs_italia_egp/master/Lev2/ObjectSpawner/Logs/ObjectSpawner_2017-12-18_slaawgbida04_80268.log Tue Dec 19 00:00:00 2017
/grid1/sasconf/bs_italia_egp/master/Lev2/ObjectSpawner/Logs/ObjectSpawner_2017-12-18_slaawgbida05_76005.log Mon Dec 18 23:59:59 2017
/grid1/sasconf/bs_italia_egp/master/Lev2/ObjectSpawner/Logs/ObjectSpawner_2017-12-19_slaawgbida05_76005.log Tue Dec 19 02:06:54 2017
/grid1/sasconf/bs_italia_egp/master/Lev2/ObjectSpawner/Logs/ObjectSpawner_2017-12-19_slaawgbida00_4167.log Tue Dec 19 02:14:03 2017
/grid1/sasconf/bs_italia_egp/master/Lev2/ObjectSpawner/Logs/ObjectSpawner_2017-12-19_slaawgbida06_63887.log Tue Dec 19 02:05:00 2017
/grid1/sasconf/bs_italia_egp/master/Lev2/ConnectSpawner/Logs/ConnectSpawner_2017-12-18_slaawgbida00_8580.log Tue Dec 19 00:00:00 2017
/grid1/sasconf/bs_italia_egp/master/Lev2/ConnectSpawner/Logs/ConnectSpawner_2017-12-19_slaawgbida00_8580.log Tue Dec 19 02:10:00 2017
/grid1/sasconf/bs_italia_egp/master/Lev2/SASDataManagementDataServer/Logs/dmdsvrc-2017-12-19_000000.log Tue Dec 19 00:00:00 2017
/grid1/sasconf/bs_italia_egp/master/Lev2/SASDataManagementDataServer/Logs/dmdsvrc-2017-12-19_061040.log Tue Dec 19 06:10:45 2017
/grid1/sasconf/bs_italia_egp/slave1/Lev2/SASMeta/MetadataServer/Logs/SASMeta_MetadataServer_2017-12-18_slaawgbida01_4571.log Tue Dec 19 00:00:00 2017
/grid1/sasconf/bs_italia_egp/slave1/Lev2/SASMeta/MetadataServer/Logs/SASMeta_MetadataServer_2017-12-19_slaawgbida01_4571.log Tue Dec 19 02:18:35 2017
/grid1/sasconf/bs_italia_egp/slave1/Lev2/Web/SASEnvironmentManager/emi-client/Logs/logDiscovery_20171218_220522.log Mon Dec 18 22:05:51 2017
/grid1/sasconf/bs_italia_egp/slave1/Lev2/Web/SASEnvironmentManager/emi-client/Logs/logCollect_20171219_000531.log Tue Dec 19 00:06:01 2017
/grid1/sasconf/bs_italia_egp/slave1/Lev2/Web/SASEnvironmentManager/emi-client/Logs/logCollect_20171219_002127.log Tue Dec 19 00:21:56 2017
/grid1/sasconf/bs_italia_egp/slave1/Lev2/Web/SASEnvironmentManager/emi-client/Logs/logCollect_20171219_002728.log Tue Dec 19 00:27:57 2017
/grid1/sasconf/bs_italia_egp/slave1/Lev2/Web/SASEnvironmentManager/emi-client/Logs/logCollect_20171219_003328.log Tue Dec 19 00:33:57 2017
/grid1/sasconf/bs_italia_egp/slave1/Lev2/Web/SASEnvironmentManager/emi-client/Logs/logCollect_20171219_004529.log Tue Dec 19 00:45:59 2017
/grid1/sasconf/bs_italia_egp/slave1/Lev2/Web/SASEnvironmentManager/emi-client/Logs/logCollect_20171219_005030.log Tue Dec 19 00:50:59 2017
/grid1/sasconf/bs_italia_egp/slave1/Lev2/Web/SASEnvironmentManager/emi-client/Logs/logCollect_20171219_010229.log Tue Dec 19 01:02:58 2017
/grid1/sasconf/bs_italia_egp/slave1/Lev2/Web/SASEnvironmentManager/emi-client/Logs/logCollect_20171219_010829.log Tue Dec 19 01:08:58 2017
/grid1/sasconf/bs_italia_egp/slave1/Lev2/Web/SASEnvironmentManager/emi-client/Logs/logCollect_20171219_012032.log Tue Dec 19 01:21:02 2017
/grid1/sasconf/bs_italia_egp/slave1/Lev2/Web/SASEnvironmentManager/emi-client/Logs/logCollect_20171219_013822.log Tue Dec 19 01:38:51 2017
/grid1/sasconf/bs_italia_egp/slave1/Lev2/Web/SASEnvironmentManager/emi-client/Logs/logCollect_20171219_015022.log Tue Dec 19 01:50:51 2017
/grid1/sasconf/bs_italia_egp/slave1/Lev2/Web/SASEnvironmentManager/emi-client/Logs/logCollect_20171219_015522.log Tue Dec 19 01:55:50 2017
/grid1/sasconf/bs_italia_egp/slave1/Lev2/Web/SASEnvironmentManager/emi-client/Logs/logDiscovery_20171219_020522.log Tue Dec 19 02:05:44 2017
/grid1/sasconf/bs_italia_egp/slave1/Lev2/Web/SASEnvironmentManager/emi-client/Logs/logDiscovery_20171219_100516.log Tue Dec 19 10:05:46 2017
/grid1/sasconf/bs_italia_egp/slave1/Lev2/Web/SASEnvironmentManager/emi-client/Logs/logDiscovery_20171219_140515.log Tue Dec 19 14:05:43 2017
/grid1/sasconf/bs_italia_egp/slave1/Lev2/Web/SASEnvironmentManager/emi-client/Logs/logCollect_20171219_000037.log Tue Dec 19 00:01:07 2017
/grid1/sasconf/bs_italia_egp/slave1/Lev2/Web/SASEnvironmentManager/emi-client/Logs/logCollect_20171219_001031.log Tue Dec 19 00:11:02 2017
/grid1/sasconf/bs_italia_egp/slave1/Lev2/Web/SASEnvironmentManager/emi-client/Logs/logCollect_20171219_001630.log Tue Dec 19 00:17:00 2017
/grid1/sasconf/bs_italia_egp/slave1/Lev2/Web/SASEnvironmentManager/emi-client/Logs/logCollect_20171219_003928.log Tue Dec 19 00:39:57 2017
/grid1/sasconf/bs_italia_egp/slave1/Lev2/Web/SASEnvironmentManager/emi-client/Logs/logCollect_20171219_005629.log Tue Dec 19 00:56:58 2017
/grid1/sasconf/bs_italia_egp/slave1/Lev2/Web/SASEnvironmentManager/emi-client/Logs/logCollect_20171219_011429.log Tue Dec 19 01:14:58 2017
/grid1/sasconf/bs_italia_egp/slave1/Lev2/Web/SASEnvironmentManager/emi-client/Logs/logCollect_20171219_012622.log Tue Dec 19 01:26:51 2017
/grid1/sasconf/bs_italia_egp/slave1/Lev2/Web/SASEnvironmentManager/emi-client/Logs/logCollect_20171219_013222.log Tue Dec 19 01:32:50 2017
/grid1/sasconf/bs_italia_egp/slave1/Lev2/Web/SASEnvironmentManager/emi-client/Logs/logCollect_20171219_014422.log Tue Dec 19 01:44:50 2017
/grid1/sasconf/bs_italia_egp/slave1/Lev2/Web/SASEnvironmentManager/emi-client/Logs/logDiscovery_20171219_060258.log Tue Dec 19 06:03:32 2017
/grid1/sasconf/bs_italia_egp/slave1/Lev2/Web/SASEnvironmentManager/emi-client/Logs/logDiscovery_20171219_180515.log Tue Dec 19 18:05:43 2017
/grid1/sasconf/bs_italia_egp/slave2/Lev2/Web/SASEnvironmentManager/emi-client/Logs/logCollect_20171219_000029.log Tue Dec 19 00:00:57 2017
/grid1/sasconf/bs_italia_egp/slave2/Lev2/Web/SASEnvironmentManager/emi-client/Logs/logCollect_20171219_001027.log Tue Dec 19 00:10:55 2017
/grid1/sasconf/bs_italia_egp/slave2/Lev2/Web/SASEnvironmentManager/emi-client/Logs/logCollect_20171219_005627.log Tue Dec 19 00:56:54 2017
/grid1/sasconf/bs_italia_egp/slave2/Lev2/Web/SASEnvironmentManager/emi-client/Logs/logCollect_20171219_010827.log Tue Dec 19 01:08:54 2017
/grid1/sasconf/bs_italia_egp/slave2/Lev2/Web/SASEnvironmentManager/emi-client/Logs/logCollect_20171219_011427.log Tue Dec 19 01:14:54 2017
/grid1/sasconf/bs_italia_egp/slave2/Lev2/Web/SASEnvironmentManager/emi-client/Logs/logCollect_20171219_012527.log Tue Dec 19 01:25:54 2017
/grid1/sasconf/bs_italia_egp/slave2/Lev2/Web/SASEnvironmentManager/emi-client/Logs/logCollect_20171219_013028.log Tue Dec 19 01:30:55 2017
/grid1/sasconf/bs_italia_egp/slave2/Lev2/Web/SASEnvironmentManager/emi-client/Logs/logCollect_20171219_014726.log Tue Dec 19 01:47:54 2017
/grid1/sasconf/bs_italia_egp/slave2/Lev2/Web/SASEnvironmentManager/emi-client/Logs/logDiscovery_20171219_060641.log Tue Dec 19 06:08:07 2017
/grid1/sasconf/bs_italia_egp/slave2/Lev2/Web/SASEnvironmentManager/emi-client/Logs/logDiscovery_20171219_141014.log Tue Dec 19 14:10:41 2017
/grid1/sasconf/bs_italia_egp/slave2/Lev2/Web/SASEnvironmentManager/emi-client/Logs/logDiscovery_20171218_232520.log Mon Dec 18 23:25:46 2017
/grid1/sasconf/bs_italia_egp/slave2/Lev2/Web/SASEnvironmentManager/emi-client/Logs/logCollect_20171219_000527.log Tue Dec 19 00:05:54 2017
/grid1/sasconf/bs_italia_egp/slave2/Lev2/Web/SASEnvironmentManager/emi-client/Logs/logCollect_20171219_001627.log Tue Dec 19 00:16:54 2017
/grid1/sasconf/bs_italia_egp/slave2/Lev2/Web/SASEnvironmentManager/emi-client/Logs/logCollect_20171219_002227.log Tue Dec 19 00:22:54 2017
/grid1/sasconf/bs_italia_egp/slave2/Lev2/Web/SASEnvironmentManager/emi-client/Logs/logCollect_20171219_002827.log Tue Dec 19 00:28:55 2017
/grid1/sasconf/bs_italia_egp/slave2/Lev2/Web/SASEnvironmentManager/emi-client/Logs/logCollect_20171219_003427.log Tue Dec 19 00:34:57 2017
/grid1/sasconf/bs_italia_egp/slave2/Lev2/Web/SASEnvironmentManager/emi-client/Logs/logCollect_20171219_004028.log Tue Dec 19 00:40:55 2017
/grid1/sasconf/bs_italia_egp/slave2/Lev2/Web/SASEnvironmentManager/emi-client/Logs/logCollect_20171219_004527.log Tue Dec 19 00:45:55 2017
/grid1/sasconf/bs_italia_egp/slave2/Lev2/Web/SASEnvironmentManager/emi-client/Logs/logCollect_20171219_005027.log Tue Dec 19 00:50:55 2017
/grid1/sasconf/bs_italia_egp/slave2/Lev2/Web/SASEnvironmentManager/emi-client/Logs/logCollect_20171219_010227.log Tue Dec 19 01:02:54 2017
/grid1/sasconf/bs_italia_egp/slave2/Lev2/Web/SASEnvironmentManager/emi-client/Logs/logCollect_20171219_012028.log Tue Dec 19 01:20:55 2017
/grid1/sasconf/bs_italia_egp/slave2/Lev2/Web/SASEnvironmentManager/emi-client/Logs/logCollect_20171219_013627.log Tue Dec 19 01:36:54 2017
/grid1/sasconf/bs_italia_egp/slave2/Lev2/Web/SASEnvironmentManager/emi-client/Logs/logCollect_20171219_014227.log Tue Dec 19 01:42:54 2017
/grid1/sasconf/bs_italia_egp/slave2/Lev2/Web/SASEnvironmentManager/emi-client/Logs/logCollect_20171219_015327.log Tue Dec 19 01:53:54 2017
/grid1/sasconf/bs_italia_egp/slave2/Lev2/Web/SASEnvironmentManager/emi-client/Logs/logCollect_20171219_015926.log Tue Dec 19 01:59:54 2017
/grid1/sasconf/bs_italia_egp/slave2/Lev2/Web/SASEnvironmentManager/emi-client/Logs/logDiscovery_20171219_101016.log Tue Dec 19 10:10:44 2017
/grid1/sasconf/bs_italia_egp/slave2/Lev2/Web/SASEnvironmentManager/emi-client/Logs/logDiscovery_20171219_181015.log Tue Dec 19 18:10:41 2017
/grid1/sasconf/bs_italia_egp/slave2/Lev2/SASMeta/MetadataServer/Logs/SASMeta_MetadataServer_2017-12-19_slaawgbida02_4705.log Tue Dec 19 02:16:27 2017
/grid1/sasconf/bs_italia_egp/slave2/Lev2/SASMeta/MetadataServer/Logs/SASMeta_MetadataServer_2017-12-18_slaawgbida02_4705.log Tue Dec 19 00:00:00 2017
/grid1/sasconf/bs_italia/master/Lev1/ConnectSpawner/Logs/ConnectSpawner_2017-12-19_slaawgbida00_8539.log Tue Dec 19 02:10:00 2017
/grid1/sasconf/bs_italia/master/Lev1/ConnectSpawner/Logs/ConnectSpawner_2017-12-18_slaawgbida00_8539.log Tue Dec 19 00:00:00 2017
/grid1/sasconf/bs_italia/master/Lev1/ObjectSpawner/Logs/ObjectSpawner_2017-12-18_slaawgbida05_75368.log Mon Dec 18 23:59:59 2017
/grid1/sasconf/bs_italia/master/Lev1/ObjectSpawner/Logs/ObjectSpawner_2017-12-18_slaawgbida06_63254.log Tue Dec 19 00:00:00 2017
/grid1/sasconf/bs_italia/master/Lev1/ObjectSpawner/Logs/ObjectSpawner_2017-12-19_slaawgbida05_75368.log Tue Dec 19 02:05:00 2017
/grid1/sasconf/bs_italia/master/Lev1/ObjectSpawner/Logs/ObjectSpawner_2017-12-19_slaawgbida06_63254.log Tue Dec 19 02:05:00 2017
/grid1/sasconf/bs_italia/master/Lev1/ObjectSpawner/Logs/ObjectSpawner_2017-12-18_slaawgbida03_22165.log Tue Dec 19 00:00:00 2017
/grid1/sasconf/bs_italia/master/Lev1/ObjectSpawner/Logs/ObjectSpawner_2017-12-18_slaawgbida04_79618.log Tue Dec 19 00:00:00 2017
/grid1/sasconf/bs_italia/master/Lev1/ObjectSpawner/Logs/ObjectSpawner_2017-12-19_slaawgbida03_22165.log Tue Dec 19 02:11:16 2017
/grid1/sasconf/bs_italia/master/Lev1/ObjectSpawner/Logs/ObjectSpawner_2017-12-19_slaawgbida04_79618.log Tue Dec 19 02:05:00 2017
/grid1/sasconf/bs_italia/master/Lev1/SASApp/PooledWorkspaceServer/Logs/SASApp_PooledWSServer_2017-12-19_slaawgbida03_8406.log Tue Dec 19 06:57:31 2017
/grid1/sasconf/bs_italia/master/Lev1/SASApp/PooledWorkspaceServer/Logs/SASApp_PooledWSServer_2017-12-18_slaawgbida03_45483.log Mon Dec 18 22:20:55 2017
/grid1/sasconf/bs_italia/master/Lev1/SASApp/PooledWorkspaceServer/Logs/SASApp_PooledWSServer_2017-12-19_slaawgbida03_10336.log Tue Dec 19 07:56:36 2017
/grid1/sasconf/bs_italia/master/Lev1/SASDataManagementDataServer/Logs/dmdsvrc-2017-12-19_000000.log Tue Dec 19 00:00:00 2017
/grid1/sasconf/bs_italia/master/Lev1/SASDataManagementDataServer/Logs/dmdsvrc-2017-12-19_061039.log Tue Dec 19 06:10:46 2017
/grid1/sasconf/bs_italia/master/Lev1/SASMeta/MetadataServer/Logs/SASMeta_MetadataServer_2017-12-18_slaawgbida00_5481.log Tue Dec 19 00:00:00 2017
/grid1/sasconf/bs_italia/master/Lev1/SASMeta/MetadataServer/Logs/SASMeta_MetadataServer_2017-12-19_slaawgbida00_5481.log Tue Dec 19 02:11:16 2017
/grid1/sasconf/bs_italia/master/Lev1/Web/Logs/SASServer14_1/PlatformWebServices.log Tue Dec 19 01:17:07 2017
/grid1/sasconf/bs_italia/master/Lev1/Web/gemfire/instances/ins_41415/gemfire.log Tue Dec 19 02:04:34 2017
/grid1/sasconf/bs_italia/master/Lev1/Web/SASEnvironmentManager/emi-client/Logs/logDiscovery_20171218_215520.log Mon Dec 18 21:55:47 2017
/grid1/sasconf/bs_italia/master/Lev1/Web/SASEnvironmentManager/emi-client/Logs/logCollect_20171219_000031.log Tue Dec 19 00:01:00 2017
/grid1/sasconf/bs_italia/master/Lev1/Web/SASEnvironmentManager/emi-client/Logs/logCollect_20171219_000627.log Tue Dec 19 00:06:55 2017
/grid1/sasconf/bs_italia/master/Lev1/Web/SASEnvironmentManager/emi-client/Logs/logCollect_20171219_001227.log Tue Dec 19 00:12:55 2017
/grid1/sasconf/bs_italia/master/Lev1/Web/SASEnvironmentManager/emi-client/Logs/logCollect_20171219_001828.log Tue Dec 19 00:18:56 2017
/grid1/sasconf/bs_italia/master/Lev1/Web/SASEnvironmentManager/emi-client/Logs/logCollect_20171219_002427.log Tue Dec 19 00:24:54 2017
/grid1/sasconf/bs_italia/master/Lev1/Web/SASEnvironmentManager/emi-client/Logs/logCollect_20171219_003028.log Tue Dec 19 00:30:56 2017
/grid1/sasconf/bs_italia/master/Lev1/Web/SASEnvironmentManager/emi-client/Logs/logCollect_20171219_004226.log Tue Dec 19 00:42:54 2017
/grid1/sasconf/bs_italia/master/Lev1/Web/SASEnvironmentManager/emi-client/Logs/logCollect_20171219_005426.log Tue Dec 19 00:54:53 2017
/grid1/sasconf/bs_italia/master/Lev1/Web/SASEnvironmentManager/emi-client/Logs/logCollect_20171219_010027.log Tue Dec 19 01:00:55 2017
/grid1/sasconf/bs_italia/master/Lev1/Web/SASEnvironmentManager/emi-client/Logs/logCollect_20171219_011126.log Tue Dec 19 01:11:53 2017
/grid1/sasconf/bs_italia/master/Lev1/Web/SASEnvironmentManager/emi-client/Logs/logCollect_20171219_011725.log Tue Dec 19 01:17:53 2017
/grid1/sasconf/bs_italia/master/Lev1/Web/SASEnvironmentManager/emi-client/Logs/logCollect_20171219_012325.log Tue Dec 19 01:23:53 2017
/grid1/sasconf/bs_italia/master/Lev1/Web/SASEnvironmentManager/emi-client/Logs/logCollect_20171219_012925.log Tue Dec 19 01:29:53 2017
/grid1/sasconf/bs_italia/master/Lev1/Web/SASEnvironmentManager/emi-client/Logs/logCollect_20171219_014026.log Tue Dec 19 01:40:53 2017
/grid1/sasconf/bs_italia/master/Lev1/Web/SASEnvironmentManager/emi-client/Logs/logCollect_20171219_014625.log Tue Dec 19 01:46:52 2017
/grid1/sasconf/bs_italia/master/Lev1/Web/SASEnvironmentManager/emi-client/Logs/logCollect_20171219_015225.log Tue Dec 19 01:52:52 2017
/grid1/sasconf/bs_italia/master/Lev1/Web/SASEnvironmentManager/emi-client/Logs/logDiscovery_20171219_061123.log Tue Dec 19 06:12:46 2017
/grid1/sasconf/bs_italia/master/Lev1/Web/SASEnvironmentManager/emi-client/Logs/logCollect_20171219_003626.log Tue Dec 19 00:36:54 2017
/grid1/sasconf/bs_italia/master/Lev1/Web/SASEnvironmentManager/emi-client/Logs/logCollect_20171219_004828.log Tue Dec 19 00:48:56 2017
/grid1/sasconf/bs_italia/master/Lev1/Web/SASEnvironmentManager/emi-client/Logs/logCollect_20171219_010626.log Tue Dec 19 01:06:54 2017
/grid1/sasconf/bs_italia/master/Lev1/Web/SASEnvironmentManager/emi-client/Logs/logCollect_20171219_013520.log Tue Dec 19 01:35:47 2017
/grid1/sasconf/bs_italia/master/Lev1/Web/SASEnvironmentManager/emi-client/Logs/logCollect_20171219_015825.log Tue Dec 19 01:58:52 2017
/grid1/sasconf/bs_italia/master/Lev1/Web/SASEnvironmentManager/emi-client/Logs/logDiscovery_20171219_020020.log Tue Dec 19 02:00:47 2017
/grid1/sasconf/bs_italia/master/Lev1/Web/SASEnvironmentManager/emi-client/Logs/logDiscovery_20171219_101530.log Tue Dec 19 10:16:00 2017
/grid1/sasconf/bs_italia/master/Lev1/Web/SASEnvironmentManager/emi-client/Logs/logDiscovery_20171219_141530.log Tue Dec 19 14:15:58 2017
/grid1/sasconf/bs_italia/master/Lev1/Web/SASEnvironmentManager/emi-client/Logs/logDiscovery_20171219_182021.log Tue Dec 19 18:20:48 2017
/grid1/sasconf/bs_italia/master/Lev1/Web/SASEnvironmentManager/grid/slaawgbida06.risorse.enel/agent-5.8.0-EE/log/agent.log Tue Dec 19 02:05:00 2017
/grid1/sasconf/bs_italia/master/Lev1/Web/WebAppServer/SASServer14_1/logs/gemfire.log Tue Dec 19 02:13:16 2017
/grid1/sasconf/bs_italia/master/Lev1/WebInfrastructurePlatformDataServer/Logs/webinfdsvrc-2017-12-18_000000.log Mon Dec 18 23:55:38 2017
/grid1/sasconf/bs_italia/master/Lev1/WebInfrastructurePlatformDataServer/Logs/webinfdsvrc-2017-12-19_000000.log Tue Dec 19 02:12:20 2017
/grid1/sasconf/bs_italia/slave1/Lev1/SASMeta/MetadataServer/Logs/SASMeta_MetadataServer_2017-12-19_slaawgbida01_4580.log Tue Dec 19 02:17:54 2017
/grid1/sasconf/bs_italia/slave1/Lev1/SASMeta/MetadataServer/Logs/SASMeta_MetadataServer_2017-12-18_slaawgbida01_4580.log Mon Dec 18 23:59:59 2017
/grid1/sasconf/bs_italia/slave1/Lev1/Web/SASEnvironmentManager/emi-client/Logs/logDiscovery_20171218_195016.log Mon Dec 18 19:50:38 2017
/grid1/sasconf/bs_italia/slave1/Lev1/Web/SASEnvironmentManager/emi-client/Logs/logDiscovery_20171218_235516.log Mon Dec 18 23:55:38 2017
/grid1/sasconf/bs_italia/slave1/Lev1/Web/SASEnvironmentManager/emi-client/Logs/logCollect_20171219_002815.log Tue Dec 19 00:28:37 2017
/grid1/sasconf/bs_italia/slave1/Lev1/Web/SASEnvironmentManager/emi-client/Logs/logCollect_20171219_003415.log Tue Dec 19 00:34:37 2017
/grid1/sasconf/bs_italia/slave1/Lev1/Web/SASEnvironmentManager/emi-client/Logs/logCollect_20171219_004016.log Tue Dec 19 00:40:39 2017
/grid1/sasconf/bs_italia/slave1/Lev1/Web/SASEnvironmentManager/emi-client/Logs/logCollect_20171219_004614.log Tue Dec 19 00:46:36 2017
/grid1/sasconf/bs_italia/slave1/Lev1/Web/SASEnvironmentManager/emi-client/Logs/logCollect_20171219_013815.log Tue Dec 19 01:38:37 2017
/grid1/sasconf/bs_italia/slave1/Lev1/Web/SASEnvironmentManager/emi-client/Logs/logCollect_20171219_015015.log Tue Dec 19 01:50:37 2017
/grid1/sasconf/bs_italia/slave1/Lev1/Web/SASEnvironmentManager/emi-client/Logs/logCollect_20171219_015515.log Tue Dec 19 01:55:36 2017
/grid1/sasconf/bs_italia/slave1/Lev1/Web/SASEnvironmentManager/emi-client/Logs/logDiscovery_20171219_060301.log Tue Dec 19 06:03:35 2017
/grid1/sasconf/bs_italia/slave1/Lev1/Web/SASEnvironmentManager/emi-client/Logs/logDiscovery_20171219_141015.log Tue Dec 19 14:10:36 2017
/grid1/sasconf/bs_italia/slave1/Lev1/Web/SASEnvironmentManager/emi-client/Logs/logCollect_20171219_000018.log Tue Dec 19 00:00:46 2017
/grid1/sasconf/bs_italia/slave1/Lev1/Web/SASEnvironmentManager/emi-client/Logs/logCollect_20171219_000517.log Tue Dec 19 00:05:41 2017
/grid1/sasconf/bs_italia/slave1/Lev1/Web/SASEnvironmentManager/emi-client/Logs/logCollect_20171219_001016.log Tue Dec 19 00:10:41 2017
/grid1/sasconf/bs_italia/slave1/Lev1/Web/SASEnvironmentManager/emi-client/Logs/logCollect_20171219_001616.log Tue Dec 19 00:16:40 2017
/grid1/sasconf/bs_italia/slave1/Lev1/Web/SASEnvironmentManager/emi-client/Logs/logCollect_20171219_002215.log Tue Dec 19 00:22:37 2017
/grid1/sasconf/bs_italia/slave1/Lev1/Web/SASEnvironmentManager/emi-client/Logs/logCollect_20171219_005214.log Tue Dec 19 00:52:35 2017
/grid1/sasconf/bs_italia/slave1/Lev1/Web/SASEnvironmentManager/emi-client/Logs/logCollect_20171219_005814.log Tue Dec 19 00:58:35 2017
/grid1/sasconf/bs_italia/slave1/Lev1/Web/SASEnvironmentManager/emi-client/Logs/logCollect_20171219_010414.log Tue Dec 19 01:04:35 2017
/grid1/sasconf/bs_italia/slave1/Lev1/Web/SASEnvironmentManager/emi-client/Logs/logCollect_20171219_010914.log Tue Dec 19 01:09:35 2017
/grid1/sasconf/bs_italia/slave1/Lev1/Web/SASEnvironmentManager/emi-client/Logs/logCollect_20171219_011514.log Tue Dec 19 01:15:36 2017
/grid1/sasconf/bs_italia/slave1/Lev1/Web/SASEnvironmentManager/emi-client/Logs/logCollect_20171219_012017.log Tue Dec 19 01:20:42 2017
/grid1/sasconf/bs_italia/slave1/Lev1/Web/SASEnvironmentManager/emi-client/Logs/logCollect_20171219_012615.log Tue Dec 19 01:26:37 2017
/grid1/sasconf/bs_italia/slave1/Lev1/Web/SASEnvironmentManager/emi-client/Logs/logCollect_20171219_013215.log Tue Dec 19 01:32:37 2017
/grid1/sasconf/bs_italia/slave1/Lev1/Web/SASEnvironmentManager/emi-client/Logs/logCollect_20171219_014415.log Tue Dec 19 01:44:37 2017
/grid1/sasconf/bs_italia/slave1/Lev1/Web/SASEnvironmentManager/emi-client/Logs/logDiscovery_20171219_100516.log Tue Dec 19 10:05:39 2017
/grid1/sasconf/bs_italia/slave1/Lev1/Web/SASEnvironmentManager/emi-client/Logs/logDiscovery_20171219_181015.log Tue Dec 19 18:10:36 2017
/grid1/sasconf/bs_italia/slave2/Lev1/SASMeta/MetadataServer/Logs/SASMeta_MetadataServer_2017-12-18_slaawgbida02_4706.log Tue Dec 19 00:00:00 2017
/grid1/sasconf/bs_italia/slave2/Lev1/SASMeta/MetadataServer/Logs/SASMeta_MetadataServer_2017-12-19_slaawgbida02_4706.log Tue Dec 19 02:15:00 2017
/grid1/sasconf/bs_italia/slave2/Lev1/Web/SASEnvironmentManager/emi-client/Logs/logDiscovery_20171218_195014.log Mon Dec 18 19:50:33 2017
/grid1/sasconf/bs_italia/slave2/Lev1/Web/SASEnvironmentManager/emi-client/Logs/logCollect_20171219_000015.log Tue Dec 19 00:00:38 2017
/grid1/sasconf/bs_italia/slave2/Lev1/Web/SASEnvironmentManager/emi-client/Logs/logCollect_20171219_000515.log Tue Dec 19 00:05:35 2017
/grid1/sasconf/bs_italia/slave2/Lev1/Web/SASEnvironmentManager/emi-client/Logs/logCollect_20171219_002214.log Tue Dec 19 00:22:35 2017
/grid1/sasconf/bs_italia/slave2/Lev1/Web/SASEnvironmentManager/emi-client/Logs/logCollect_20171219_002814.log Tue Dec 19 00:28:35 2017
/grid1/sasconf/bs_italia/slave2/Lev1/Web/SASEnvironmentManager/emi-client/Logs/logCollect_20171219_010214.log Tue Dec 19 01:02:35 2017
/grid1/sasconf/bs_italia/slave2/Lev1/Web/SASEnvironmentManager/emi-client/Logs/logCollect_20171219_012015.log Tue Dec 19 01:20:36 2017
/grid1/sasconf/bs_italia/slave2/Lev1/Web/SASEnvironmentManager/emi-client/Logs/logCollect_20171219_012514.log Tue Dec 19 01:25:35 2017
/grid1/sasconf/bs_italia/slave2/Lev1/Web/SASEnvironmentManager/emi-client/Logs/logCollect_20171219_013015.log Tue Dec 19 01:30:36 2017
/grid1/sasconf/bs_italia/slave2/Lev1/Web/SASEnvironmentManager/emi-client/Logs/logCollect_20171219_013614.log Tue Dec 19 01:36:35 2017
/grid1/sasconf/bs_italia/slave2/Lev1/Web/SASEnvironmentManager/emi-client/Logs/logCollect_20171219_014214.log Tue Dec 19 01:42:35 2017
/grid1/sasconf/bs_italia/slave2/Lev1/Web/SASEnvironmentManager/emi-client/Logs/logCollect_20171219_014714.log Tue Dec 19 01:47:34 2017
/grid1/sasconf/bs_italia/slave2/Lev1/Web/SASEnvironmentManager/emi-client/Logs/logCollect_20171219_015314.log Tue Dec 19 01:53:35 2017
/grid1/sasconf/bs_italia/slave2/Lev1/Web/SASEnvironmentManager/emi-client/Logs/logDiscovery_20171219_060641.log Tue Dec 19 06:08:07 2017
/grid1/sasconf/bs_italia/slave2/Lev1/Web/SASEnvironmentManager/emi-client/Logs/logDiscovery_20171219_141014.log Tue Dec 19 14:10:33 2017
/grid1/sasconf/bs_italia/slave2/Lev1/Web/SASEnvironmentManager/emi-client/Logs/logDiscovery_20171218_235014.log Mon Dec 18 23:50:33 2017
/grid1/sasconf/bs_italia/slave2/Lev1/Web/SASEnvironmentManager/emi-client/Logs/logCollect_20171219_001015.log Tue Dec 19 00:10:35 2017
/grid1/sasconf/bs_italia/slave2/Lev1/Web/SASEnvironmentManager/emi-client/Logs/logCollect_20171219_001614.log Tue Dec 19 00:16:35 2017
/grid1/sasconf/bs_italia/slave2/Lev1/Web/SASEnvironmentManager/emi-client/Logs/logCollect_20171219_003414.log Tue Dec 19 00:34:35 2017
/grid1/sasconf/bs_italia/slave2/Lev1/Web/SASEnvironmentManager/emi-client/Logs/logCollect_20171219_004015.log Tue Dec 19 00:40:35 2017
/grid1/sasconf/bs_italia/slave2/Lev1/Web/SASEnvironmentManager/emi-client/Logs/logCollect_20171219_004514.log Tue Dec 19 00:45:35 2017
/grid1/sasconf/bs_italia/slave2/Lev1/Web/SASEnvironmentManager/emi-client/Logs/logCollect_20171219_005015.log Tue Dec 19 00:50:35 2017
/grid1/sasconf/bs_italia/slave2/Lev1/Web/SASEnvironmentManager/emi-client/Logs/logCollect_20171219_005614.log Tue Dec 19 00:56:35 2017
/grid1/sasconf/bs_italia/slave2/Lev1/Web/SASEnvironmentManager/emi-client/Logs/logCollect_20171219_010814.log Tue Dec 19 01:08:35 2017
/grid1/sasconf/bs_italia/slave2/Lev1/Web/SASEnvironmentManager/emi-client/Logs/logCollect_20171219_011414.log Tue Dec 19 01:14:35 2017
/grid1/sasconf/bs_italia/slave2/Lev1/Web/SASEnvironmentManager/emi-client/Logs/logCollect_20171219_015914.log Tue Dec 19 01:59:34 2017
/grid1/sasconf/bs_italia/slave2/Lev1/Web/SASEnvironmentManager/emi-client/Logs/logDiscovery_20171219_101016.log Tue Dec 19 10:10:37 2017
/grid1/sasconf/bs_italia/slave2/Lev1/Web/SASEnvironmentManager/emi-client/Logs/logDiscovery_20171219_181015.log Tue Dec 19 18:10:34 2017
Processing complete at Tue Dec 26 19:30:01 2017